6 7238 ##
40 48174 ###
25 30112 ####
225 271141 ###,###
174 209650 ##,###
260 313344 ##-##
206 248229 ##.#
299 360379 ##th
148 178322 #,###
123 148193 #-#
98 118047 #.#
156 187959 #.##
34 40948 $
146 175911 %
287 345908 &
236 284396 'm
129 155421 're
190 228942 've
165 198803 1
200 240997 2
234 281989 3
293 353141 5
0 17 </s>
73 87923 A
179 215674 AP
259 312138 American
169 203622 And
232 279582 As
84 101182 But
149 179525 By
192 231352 For
210 253052 Friday
57 68651 He
20 24090 I
167 201212 If
70 84311 In
51 61423 It
217 261494 Monday
252 303698 Saturday
218 262698 She
268 322993 State
281 338671 Sunday
176 212062 That
7 8442 The
185 222914 There
128 154217 They
105 126488 This
224 269933 Thursday
215 259082 Tuesday
79 95154 U.S.
62 74672 We
226 272351 Wednesday
228 274760 You
46 55400 about
291 350733 according
264 318165 added
55 66242 after
103 124079 against
289 348317 ago
52 62627 all
53 63832 also
248 298874 am
27 32519 an
197 237382 another
101 121666 any
19 22888 are
272 327820 area
187 225326 around
14 16870 as
12 14463 at
95 114431 back
191 230148 based
16 19276 be
96 115639 because
42 50582 been
99 119254 before
120 144573 being
201 242202 best
254 306109 better
171 206033 between
276 332640 big
214 257874 billion
184 221708 both
160 192782 business
33 39746 but
18 21684 by
266 320581 called
256 308519 came
50 60220 can
288 347113 case
270 325411 children
219 263903 city
216 260287 come
285 343499 companies
100 120462 company
75 90333 could
198 238590 country
113 136133 day
255 307314 days
92 110817 did
58 69854 do
183 220503 does
119 143367 down
135 162655 during
223 268724 each
282 339877 early
178 214471 end
155 186754 even
274 330233 every
265 319374 expected
244 294047 family
278 335052 few
56 67448 first
161 193987 five
2 2424 for
249 300081 former
231 278379 found
134 161448 four
17 20481 from
94 113226 game
239 288012 games
91 109613 get
152 183139 go
125 150604 going
127 153012 good
193 232556 got
121 145784 government
267 321787 great
229 275966 group
35 42152 had
242 291633 half
24 28907 has
21 25295 have
22 26498 he
173 208443 help
67 80696 her
227 273556 here
144 173504 high
93 112021 him
26 31316 his
271 326615 hit
124 149398 home
139 167473 how
88 105996 if
1 1220 in
143 172299 including
181 218091 information
69 83108 into
4 4832 is
15 18073 it
44 52990 its
76 91538 just
177 213267 know
64 77082 last
257 309724 lead
196 236174 left
258 310929 life
87 104793 like
286 344706 little
290 349523 local
180 216879 long
235 283193 lot
107 128898 made
109 131311 make
251 302489 man
131 157833 many
175 210857 market
137 165064 may
170 204825 me
280 337464 members
81 97568 million
237 285602 money
212 255462 month
245 295254 months
39 46970 more
106 127693 most
150 180730 much
126 151807 my
199 239795 need
292 351939 never
65 78286 new
147 177116 next
221 266315 night
86 103588 no
13 15667 not
97 116843 now
246 296461 number
104 125283 off
247 297671 officials
154 185549 old
5 6035 on
45 54194 one
89 107201 only
29 34927 or
66 79492 other
71 85515 our
49 59016 out
63 75877 over
250 301285 own
186 224119 part
262 315754 past
68 81903 people
279 336256 per
90 108409 percent
220 265109 place
172 207238 play
298 359174 players
275 331436 pm
283 341083 point
182 219298 points
188 226533 police
241 290428 program
208 250641 public
238 286806 put
203 244614 quarter
230 277173 really
243 292840 report
168 202418 right
209 251845 run
9 10852 said
295 355555 sales
207 249434 same
159 191573 say
115 138545 says
195 234969 school
114 137340 season
110 132518 second
158 190369 see
277 333848 service
269 324202 services
211 254256 set
74 89127 she
130 156628 should
261 314549 show
140 168679 since
222 267519 six
85 102385 so
78 93949 some
284 342289 start
111 133724 state
151 181936 still
136 163860 such
240 289220 support
273 329027 system
142 171089 take
102 122871 team
60 72264 than
3 3629 that
11 13260 the
30 36133 their
82 98773 them
145 174709 then
72 86721 there
166 200009 these
32 38542 they
153 184345 think
194 233762 third
28 33724 this
133 160243 those
80 96360 three
108 130106 through
59 71059 time
205 247024 today
162 195192 told
253 304902 too
263 316959 took
213 256666 top
54 65036 two
163 196398 under
296 356761 until
41 49377 up
164 197601 us
204 245818 use
233 280787 used
138 166269 very
189 227738 want
10 12056 was
132 159037 way
38 45765 we
116 139750 week
112 134929 well
297 357966 went
37 44562 were
83 99978 what
61 73469 when
117 140956 where
48 57812 which
118 142162 while
31 37337 who
23 27703 will
202 243406 win
8 9647 with
294 354349 without
141 169884 work
157 189165 world
47 56606 would
36 43357 year
77 92744 years
43 51786 you
122 146989 your
