0 17 </s>
1 1220 in
2 2424 for
3 3629 that
4 4832 is
5 6035 on
6 7238 ##
7 8442 The
8 9647 with
9 10852 said
10 12056 was
11 13260 the
12 14463 at
13 15667 not
14 16870 as
15 18073 it
16 19276 be
17 20481 from
18 21684 by
19 22888 are
20 24090 I
21 25295 have
22 26498 he
23 27703 will
24 28907 has
25 30112 ####
26 31316 his
27 32519 an
28 33724 this
29 34927 or
30 36133 their
31 37337 who
32 38542 they
33 39746 but
34 40948 $
35 42152 had
36 43357 year
37 44562 were
38 45765 we
39 46970 more
40 48174 ###
41 49377 up
42 50582 been
43 51786 you
44 52990 its
45 54194 one
46 55400 about
47 56606 would
48 57812 which
49 59016 out
50 60220 can
51 61423 It
52 62627 all
53 63832 also
54 65036 two
55 66242 after
56 67448 first
57 68651 He
58 69854 do
59 71059 time
60 72264 than
61 73469 when
62 74672 We
63 75877 over
64 77082 last
65 78286 new
66 79492 other
67 80696 her
68 81903 people
69 83108 into
70 84311 In
71 85515 our
72 86721 there
73 87923 A
74 89127 she
75 90333 could
76 91538 just
77 92744 years
78 93949 some
79 95154 U.S.
80 96360 three
81 97568 million
82 98773 them
83 99978 what
84 101182 But
85 102385 so
86 103588 no
87 104793 like
88 105996 if
89 107201 only
90 108409 percent
91 109613 get
92 110817 did
93 112021 him
94 113226 game
95 114431 back
96 115639 because
97 116843 now
98 118047 #.#
99 119254 before
100 120462 company
101 121666 any
102 122871 team
103 124079 against
104 125283 off
105 126488 This
106 127693 most
107 128898 made
108 130106 through
109 131311 make
110 132518 second
111 133724 state
112 134929 well
113 136133 day
114 137340 season
115 138545 says
116 139750 week
117 140956 where
118 142162 while
119 143367 down
120 144573 being
121 145784 government
122 146989 your
123 148193 #-#
124 149398 home
125 150604 going
126 151807 my
127 153012 good
128 154217 They
129 155421 're
130 156628 should
131 157833 many
132 159037 way
133 160243 those
134 161448 four
135 162655 during
136 163860 such
137 165064 may
138 166269 very
139 167473 how
140 168679 since
141 169884 work
142 171089 take
143 172299 including
144 173504 high
145 174709 then
146 175911 %
147 177116 next
148 178322 #,###
149 179525 By
150 180730 much
151 181936 still
152 183139 go
153 184345 think
154 185549 old
155 186754 even
156 187959 #.##
157 189165 world
158 190369 see
159 191573 say
160 192782 business
161 193987 five
162 195192 told
163 196398 under
164 197601 us
165 198803 1
166 200009 these
167 201212 If
168 202418 right
169 203622 And
170 204825 me
171 206033 between
172 207238 play
173 208443 help
174 209650 ##,###
175 210857 market
176 212062 That
177 213267 know
178 214471 end
179 215674 AP
180 216879 long
181 218091 information
182 219298 points
183 220503 does
184 221708 both
185 222914 There
186 224119 part
187 225326 around
188 226533 police
189 227738 want
190 228942 've
191 230148 based
192 231352 For
193 232556 got
194 233762 third
195 234969 school
196 236174 left
197 237382 another
198 238590 country
199 239795 need
200 240997 2
201 242202 best
202 243406 win
203 244614 quarter
204 245818 use
205 247024 today
206 248229 ##.#
207 249434 same
208 250641 public
209 251845 run
210 253052 Friday
211 254256 set
212 255462 month
213 256666 top
214 257874 billion
215 259082 Tuesday
216 260287 come
217 261494 Monday
218 262698 She
219 263903 city
220 265109 place
221 266315 night
222 267519 six
223 268724 each
224 269933 Thursday
225 271141 ###,###
226 272351 Wednesday
227 273556 here
228 274760 You
229 275966 group
230 277173 really
231 278379 found
232 279582 As
233 280787 used
234 281989 3
235 283193 lot
236 284396 'm
237 285602 money
238 286806 put
239 288012 games
240 289220 support
241 290428 program
242 291633 half
243 292840 report
244 294047 family
245 295254 months
246 296461 number
247 297671 officials
248 298874 am
249 300081 former
250 301285 own
251 302489 man
252 303698 Saturday
253 304902 too
254 306109 better
255 307314 days
256 308519 came
257 309724 lead
258 310929 life
259 312138 American
260 313344 ##-##
261 314549 show
262 315754 past
263 316959 took
264 318165 added
265 319374 expected
266 320581 called
267 321787 great
268 322993 State
269 324202 services
270 325411 children
271 326615 hit
272 327820 area
273 329027 system
274 330233 every
275 331436 pm
276 332640 big
277 333848 service
278 335052 few
279 336256 per
280 337464 members
281 338671 Sunday
282 339877 early
283 341083 point
284 342289 start
285 343499 companies
286 344706 little
287 345908 &
288 347113 case
289 348317 ago
290 349523 local
291 350733 according
292 351939 never
293 353141 5
294 354349 without
295 355555 sales
296 356761 until
297 357966 went
298 359174 players
299 360379 ##th
